# Logfile created on Wed Oct 29 11:11:06 -0400 2014 by logger.rb/1.2.6
I, [2014-10-29T11:11:06.977367 #30726]  INFO -- : 0:  rake (0.8.7) from /home/dcheung/.rbenv/versions/1.8.7-p375/lib/ruby/gems/1.8/specifications/rake-0.8.7.gemspec
I, [2014-10-29T11:11:06.977868 #30726]  INFO -- : 0:  RedCloth (4.2.3) from /home/dcheung/.rbenv/versions/1.8.7-p375/lib/ruby/gems/1.8/specifications/RedCloth-4.2.3.gemspec
I, [2014-10-29T11:11:06.978365 #30726]  INFO -- : 0:  activesupport (2.3.11) from /home/dcheung/.rbenv/versions/1.8.7-p375/lib/ruby/gems/1.8/specifications/activesupport-2.3.11.gemspec
I, [2014-10-29T11:11:06.978726 #30726]  INFO -- : 0:  rack (1.1.6) from /home/dcheung/.rbenv/versions/1.8.7-p375/lib/ruby/gems/1.8/specifications/rack-1.1.6.gemspec
I, [2014-10-29T11:11:06.979087 #30726]  INFO -- : 0:  actionpack (2.3.11) from /home/dcheung/.rbenv/versions/1.8.7-p375/lib/ruby/gems/1.8/specifications/actionpack-2.3.11.gemspec
I, [2014-10-29T11:11:06.979432 #30726]  INFO -- : 0:  actionmailer (2.3.11) from /home/dcheung/.rbenv/versions/1.8.7-p375/lib/ruby/gems/1.8/specifications/actionmailer-2.3.11.gemspec
I, [2014-10-29T11:11:06.979785 #30726]  INFO -- : 0:  activerecord (2.3.11) from /home/dcheung/.rbenv/versions/1.8.7-p375/lib/ruby/gems/1.8/specifications/activerecord-2.3.11.gemspec
I, [2014-10-29T11:11:06.980132 #30726]  INFO -- : 0:  activeresource (2.3.11) from /home/dcheung/.rbenv/versions/1.8.7-p375/lib/ruby/gems/1.8/specifications/activeresource-2.3.11.gemspec
I, [2014-10-29T11:11:06.980479 #30726]  INFO -- : 0:  columnize (0.3.2) from /home/dcheung/.rbenv/versions/1.8.7-p375/lib/ruby/gems/1.8/specifications/columnize-0.3.2.gemspec
I, [2014-10-29T11:11:06.980853 #30726]  INFO -- : 0:  fastercsv (1.5.4) from /home/dcheung/.rbenv/versions/1.8.7-p375/lib/ruby/gems/1.8/specifications/fastercsv-1.5.4.gemspec
I, [2014-10-29T11:11:06.981218 #30726]  INFO -- : 0:  iniparse (1.3.2) from /home/dcheung/.rbenv/versions/1.8.7-p375/lib/ruby/gems/1.8/specifications/iniparse-1.3.2.gemspec
I, [2014-10-29T11:11:06.981558 #30726]  INFO -- : 0:  json (1.8.0) from /home/dcheung/.rbenv/versions/1.8.7-p375/lib/ruby/gems/1.8/specifications/json-1.8.0.gemspec
I, [2014-10-29T11:11:06.981902 #30726]  INFO -- : 0:  pg (0.10.1) from /home/dcheung/.rbenv/versions/1.8.7-p375/lib/ruby/gems/1.8/specifications/pg-0.10.1.gemspec
I, [2014-10-29T11:11:06.982236 #30726]  INFO -- : 0:  rails (2.3.11) from /home/dcheung/.rbenv/versions/1.8.7-p375/lib/ruby/gems/1.8/specifications/rails-2.3.11.gemspec
I, [2014-10-29T11:11:06.982555 #30726]  INFO -- : 0:  bundler (1.5.1) from /home/dcheung/.rbenv/versions/1.8.7-p375/lib/ruby/gems/1.8/specifications/bundler-1.5.1.gemspec
I, [2014-10-29T11:11:50.795487 #30769]  INFO -- : 0:  rake (0.8.7) from /home/dcheung/.rbenv/versions/1.8.7-p375/lib/ruby/gems/1.8/specifications/rake-0.8.7.gemspec
I, [2014-10-29T11:11:50.795891 #30769]  INFO -- : 0:  RedCloth (4.2.3) from /home/dcheung/.rbenv/versions/1.8.7-p375/lib/ruby/gems/1.8/specifications/RedCloth-4.2.3.gemspec
I, [2014-10-29T11:11:50.796220 #30769]  INFO -- : 0:  activesupport (2.3.11) from /home/dcheung/.rbenv/versions/1.8.7-p375/lib/ruby/gems/1.8/specifications/activesupport-2.3.11.gemspec
I, [2014-10-29T11:11:50.796537 #30769]  INFO -- : 0:  rack (1.1.6) from /home/dcheung/.rbenv/versions/1.8.7-p375/lib/ruby/gems/1.8/specifications/rack-1.1.6.gemspec
I, [2014-10-29T11:11:50.796898 #30769]  INFO -- : 0:  actionpack (2.3.11) from /home/dcheung/.rbenv/versions/1.8.7-p375/lib/ruby/gems/1.8/specifications/actionpack-2.3.11.gemspec
I, [2014-10-29T11:11:50.797224 #30769]  INFO -- : 0:  actionmailer (2.3.11) from /home/dcheung/.rbenv/versions/1.8.7-p375/lib/ruby/gems/1.8/specifications/actionmailer-2.3.11.gemspec
I, [2014-10-29T11:11:50.797544 #30769]  INFO -- : 0:  activerecord (2.3.11) from /home/dcheung/.rbenv/versions/1.8.7-p375/lib/ruby/gems/1.8/specifications/activerecord-2.3.11.gemspec
I, [2014-10-29T11:11:50.797916 #30769]  INFO -- : 0:  activeresource (2.3.11) from /home/dcheung/.rbenv/versions/1.8.7-p375/lib/ruby/gems/1.8/specifications/activeresource-2.3.11.gemspec
I, [2014-10-29T11:11:50.798251 #30769]  INFO -- : 0:  columnize (0.3.2) from /home/dcheung/.rbenv/versions/1.8.7-p375/lib/ruby/gems/1.8/specifications/columnize-0.3.2.gemspec
I, [2014-10-29T11:11:50.798591 #30769]  INFO -- : 0:  fastercsv (1.5.4) from /home/dcheung/.rbenv/versions/1.8.7-p375/lib/ruby/gems/1.8/specifications/fastercsv-1.5.4.gemspec
I, [2014-10-29T11:11:50.798907 #30769]  INFO -- : 0:  iniparse (1.3.2) from /home/dcheung/.rbenv/versions/1.8.7-p375/lib/ruby/gems/1.8/specifications/iniparse-1.3.2.gemspec
I, [2014-10-29T11:11:50.799212 #30769]  INFO -- : 0:  json (1.8.0) from /home/dcheung/.rbenv/versions/1.8.7-p375/lib/ruby/gems/1.8/specifications/json-1.8.0.gemspec
I, [2014-10-29T11:11:50.799516 #30769]  INFO -- : 0:  pg (0.10.1) from /home/dcheung/.rbenv/versions/1.8.7-p375/lib/ruby/gems/1.8/specifications/pg-0.10.1.gemspec
I, [2014-10-29T11:11:50.799842 #30769]  INFO -- : 0:  rails (2.3.11) from /home/dcheung/.rbenv/versions/1.8.7-p375/lib/ruby/gems/1.8/specifications/rails-2.3.11.gemspec
I, [2014-10-29T11:11:50.800149 #30769]  INFO -- : 0:  bundler (1.5.1) from /home/dcheung/.rbenv/versions/1.8.7-p375/lib/ruby/gems/1.8/specifications/bundler-1.5.1.gemspec
I, [2014-12-02T16:05:40.779182 #12869]  INFO -- : 0:  rake (0.8.7) from /home/dcheung/.rbenv/versions/1.8.7-p375/lib/ruby/gems/1.8/specifications/rake-0.8.7.gemspec
I, [2014-12-02T16:05:40.805543 #12869]  INFO -- : 0:  RedCloth (4.2.3) from /home/dcheung/.rbenv/versions/1.8.7-p375/lib/ruby/gems/1.8/specifications/RedCloth-4.2.3.gemspec
I, [2014-12-02T16:05:40.806018 #12869]  INFO -- : 0:  activesupport (2.3.11) from /home/dcheung/.rbenv/versions/1.8.7-p375/lib/ruby/gems/1.8/specifications/activesupport-2.3.11.gemspec
I, [2014-12-02T16:05:40.806432 #12869]  INFO -- : 0:  rack (1.1.6) from /home/dcheung/.rbenv/versions/1.8.7-p375/lib/ruby/gems/1.8/specifications/rack-1.1.6.gemspec
I, [2014-12-02T16:05:40.806829 #12869]  INFO -- : 0:  actionpack (2.3.11) from /home/dcheung/.rbenv/versions/1.8.7-p375/lib/ruby/gems/1.8/specifications/actionpack-2.3.11.gemspec
I, [2014-12-02T16:05:40.807207 #12869]  INFO -- : 0:  actionmailer (2.3.11) from /home/dcheung/.rbenv/versions/1.8.7-p375/lib/ruby/gems/1.8/specifications/actionmailer-2.3.11.gemspec
I, [2014-12-02T16:05:40.807576 #12869]  INFO -- : 0:  activerecord (2.3.11) from /home/dcheung/.rbenv/versions/1.8.7-p375/lib/ruby/gems/1.8/specifications/activerecord-2.3.11.gemspec
I, [2014-12-02T16:05:40.807943 #12869]  INFO -- : 0:  activeresource (2.3.11) from /home/dcheung/.rbenv/versions/1.8.7-p375/lib/ruby/gems/1.8/specifications/activeresource-2.3.11.gemspec
I, [2014-12-02T16:05:40.808304 #12869]  INFO -- : 0:  columnize (0.3.2) from /home/dcheung/.rbenv/versions/1.8.7-p375/lib/ruby/gems/1.8/specifications/columnize-0.3.2.gemspec
I, [2014-12-02T16:05:40.808665 #12869]  INFO -- : 0:  fastercsv (1.5.4) from /home/dcheung/.rbenv/versions/1.8.7-p375/lib/ruby/gems/1.8/specifications/fastercsv-1.5.4.gemspec
I, [2014-12-02T16:05:42.344209 #12869]  INFO -- : 0:  inifile (3.0.0) from /home/dcheung/.rbenv/versions/1.8.7-p375/lib/ruby/gems/1.8/specifications/inifile-3.0.0.gemspec
I, [2014-12-02T16:05:42.345120 #12869]  INFO -- : 0:  json (1.8.0) from /home/dcheung/.rbenv/versions/1.8.7-p375/lib/ruby/gems/1.8/specifications/json-1.8.0.gemspec
I, [2014-12-02T16:05:42.345899 #12869]  INFO -- : 0:  pg (0.10.1) from /home/dcheung/.rbenv/versions/1.8.7-p375/lib/ruby/gems/1.8/specifications/pg-0.10.1.gemspec
I, [2014-12-02T16:05:42.346755 #12869]  INFO -- : 0:  rails (2.3.11) from /home/dcheung/.rbenv/versions/1.8.7-p375/lib/ruby/gems/1.8/specifications/rails-2.3.11.gemspec
I, [2014-12-02T16:05:42.347510 #12869]  INFO -- : 0:  xml-simple (1.1.4) from /home/dcheung/.rbenv/versions/1.8.7-p375/lib/ruby/gems/1.8/specifications/xml-simple-1.1.4.gemspec
I, [2014-12-02T16:05:42.348262 #12869]  INFO -- : 0:  bundler (1.5.1) from /home/dcheung/.rbenv/versions/1.8.7-p375/lib/ruby/gems/1.8/specifications/bundler-1.5.1.gemspec
I, [2014-12-02T16:06:06.003058 #12910]  INFO -- : 0:  rake (0.8.7) from /home/dcheung/.rbenv/versions/1.8.7-p375/lib/ruby/gems/1.8/specifications/rake-0.8.7.gemspec
I, [2014-12-02T16:06:06.003549 #12910]  INFO -- : 0:  RedCloth (4.2.3) from /home/dcheung/.rbenv/versions/1.8.7-p375/lib/ruby/gems/1.8/specifications/RedCloth-4.2.3.gemspec
I, [2014-12-02T16:06:06.003938 #12910]  INFO -- : 0:  activesupport (2.3.11) from /home/dcheung/.rbenv/versions/1.8.7-p375/lib/ruby/gems/1.8/specifications/activesupport-2.3.11.gemspec
I, [2014-12-02T16:06:06.004307 #12910]  INFO -- : 0:  rack (1.1.6) from /home/dcheung/.rbenv/versions/1.8.7-p375/lib/ruby/gems/1.8/specifications/rack-1.1.6.gemspec
I, [2014-12-02T16:06:06.004672 #12910]  INFO -- : 0:  actionpack (2.3.11) from /home/dcheung/.rbenv/versions/1.8.7-p375/lib/ruby/gems/1.8/specifications/actionpack-2.3.11.gemspec
I, [2014-12-02T16:06:06.005027 #12910]  INFO -- : 0:  actionmailer (2.3.11) from /home/dcheung/.rbenv/versions/1.8.7-p375/lib/ruby/gems/1.8/specifications/actionmailer-2.3.11.gemspec
I, [2014-12-02T16:06:06.005372 #12910]  INFO -- : 0:  activerecord (2.3.11) from /home/dcheung/.rbenv/versions/1.8.7-p375/lib/ruby/gems/1.8/specifications/activerecord-2.3.11.gemspec
I, [2014-12-02T16:06:06.005719 #12910]  INFO -- : 0:  activeresource (2.3.11) from /home/dcheung/.rbenv/versions/1.8.7-p375/lib/ruby/gems/1.8/specifications/activeresource-2.3.11.gemspec
I, [2014-12-02T16:06:06.006077 #12910]  INFO -- : 0:  columnize (0.3.2) from /home/dcheung/.rbenv/versions/1.8.7-p375/lib/ruby/gems/1.8/specifications/columnize-0.3.2.gemspec
I, [2014-12-02T16:06:06.006426 #12910]  INFO -- : 0:  fastercsv (1.5.4) from /home/dcheung/.rbenv/versions/1.8.7-p375/lib/ruby/gems/1.8/specifications/fastercsv-1.5.4.gemspec
I, [2014-12-02T16:06:06.006795 #12910]  INFO -- : 0:  inifile (3.0.0) from /home/dcheung/.rbenv/versions/1.8.7-p375/lib/ruby/gems/1.8/specifications/inifile-3.0.0.gemspec
I, [2014-12-02T16:06:06.007132 #12910]  INFO -- : 0:  json (1.8.0) from /home/dcheung/.rbenv/versions/1.8.7-p375/lib/ruby/gems/1.8/specifications/json-1.8.0.gemspec
I, [2014-12-02T16:06:06.007468 #12910]  INFO -- : 0:  pg (0.10.1) from /home/dcheung/.rbenv/versions/1.8.7-p375/lib/ruby/gems/1.8/specifications/pg-0.10.1.gemspec
I, [2014-12-02T16:06:06.007808 #12910]  INFO -- : 0:  rails (2.3.11) from /home/dcheung/.rbenv/versions/1.8.7-p375/lib/ruby/gems/1.8/specifications/rails-2.3.11.gemspec
I, [2014-12-02T16:06:06.008140 #12910]  INFO -- : 0:  xml-simple (1.1.4) from /home/dcheung/.rbenv/versions/1.8.7-p375/lib/ruby/gems/1.8/specifications/xml-simple-1.1.4.gemspec
I, [2014-12-02T16:06:06.008457 #12910]  INFO -- : 0:  bundler (1.5.1) from /home/dcheung/.rbenv/versions/1.8.7-p375/lib/ruby/gems/1.8/specifications/bundler-1.5.1.gemspec
I, [2014-12-02T16:21:07.711958 #14037]  INFO -- : 0:  rake (0.8.7) from /home/dcheung/.rbenv/versions/1.8.7-p375/lib/ruby/gems/1.8/specifications/rake-0.8.7.gemspec
I, [2014-12-02T16:21:07.712434 #14037]  INFO -- : 0:  RedCloth (4.2.3) from /home/dcheung/.rbenv/versions/1.8.7-p375/lib/ruby/gems/1.8/specifications/RedCloth-4.2.3.gemspec
I, [2014-12-02T16:21:07.712858 #14037]  INFO -- : 0:  activesupport (2.3.11) from /home/dcheung/.rbenv/versions/1.8.7-p375/lib/ruby/gems/1.8/specifications/activesupport-2.3.11.gemspec
I, [2014-12-02T16:21:07.713229 #14037]  INFO -- : 0:  rack (1.1.6) from /home/dcheung/.rbenv/versions/1.8.7-p375/lib/ruby/gems/1.8/specifications/rack-1.1.6.gemspec
I, [2014-12-02T16:21:07.713587 #14037]  INFO -- : 0:  actionpack (2.3.11) from /home/dcheung/.rbenv/versions/1.8.7-p375/lib/ruby/gems/1.8/specifications/actionpack-2.3.11.gemspec
I, [2014-12-02T16:21:07.713940 #14037]  INFO -- : 0:  actionmailer (2.3.11) from /home/dcheung/.rbenv/versions/1.8.7-p375/lib/ruby/gems/1.8/specifications/actionmailer-2.3.11.gemspec
I, [2014-12-02T16:21:07.714283 #14037]  INFO -- : 0:  activerecord (2.3.11) from /home/dcheung/.rbenv/versions/1.8.7-p375/lib/ruby/gems/1.8/specifications/activerecord-2.3.11.gemspec
I, [2014-12-02T16:21:07.714623 #14037]  INFO -- : 0:  activeresource (2.3.11) from /home/dcheung/.rbenv/versions/1.8.7-p375/lib/ruby/gems/1.8/specifications/activeresource-2.3.11.gemspec
I, [2014-12-02T16:21:07.714973 #14037]  INFO -- : 0:  columnize (0.3.2) from /home/dcheung/.rbenv/versions/1.8.7-p375/lib/ruby/gems/1.8/specifications/columnize-0.3.2.gemspec
I, [2014-12-02T16:21:07.715322 #14037]  INFO -- : 0:  fastercsv (1.5.4) from /home/dcheung/.rbenv/versions/1.8.7-p375/lib/ruby/gems/1.8/specifications/fastercsv-1.5.4.gemspec
I, [2014-12-02T16:21:09.282136 #14037]  INFO -- : 0:  inifile (2.0.2) from /home/dcheung/.rbenv/versions/1.8.7-p375/lib/ruby/gems/1.8/specifications/inifile-2.0.2.gemspec
I, [2014-12-02T16:21:09.282800 #14037]  INFO -- : 0:  json (1.8.0) from /home/dcheung/.rbenv/versions/1.8.7-p375/lib/ruby/gems/1.8/specifications/json-1.8.0.gemspec
I, [2014-12-02T16:21:09.283373 #14037]  INFO -- : 0:  pg (0.10.1) from /home/dcheung/.rbenv/versions/1.8.7-p375/lib/ruby/gems/1.8/specifications/pg-0.10.1.gemspec
I, [2014-12-02T16:21:09.283924 #14037]  INFO -- : 0:  rails (2.3.11) from /home/dcheung/.rbenv/versions/1.8.7-p375/lib/ruby/gems/1.8/specifications/rails-2.3.11.gemspec
I, [2014-12-02T16:21:09.284455 #14037]  INFO -- : 0:  xml-simple (1.1.4) from /home/dcheung/.rbenv/versions/1.8.7-p375/lib/ruby/gems/1.8/specifications/xml-simple-1.1.4.gemspec
I, [2014-12-02T16:21:09.284968 #14037]  INFO -- : 0:  bundler (1.5.1) from /home/dcheung/.rbenv/versions/1.8.7-p375/lib/ruby/gems/1.8/specifications/bundler-1.5.1.gemspec
